{"/Users/mac/Downloads/bang-sit722-hd/frontend/main.js": {"path":"/Users/mac/Downloads/bang-sit722-hd/frontend/main.js","statementMap":{"0":{"start":{"line":5,"column":4},"end":{"line":5,"column":47}},"1":{"start":{"line":9,"column":23},"end":{"line":9,"column":61}},"2":{"start":{"line":10,"column":4},"end":{"line":10,"column":37}},"3":{"start":{"line":11,"column":4},"end":{"line":11,"column":49}},"4":{"start":{"line":12,"column":4},"end":{"line":12,"column":39}},"5":{"start":{"line":14,"column":4},"end":{"line":16,"column":13}},"6":{"start":{"line":15,"column":8},"end":{"line":15,"column":42}},"7":{"start":{"line":20,"column":30},"end":{"line":20,"column":83}},"8":{"start":{"line":20,"column":53},"end":{"line":20,"column":82}},"9":{"start":{"line":22,"column":4},"end":{"line":31,"column":5}},"10":{"start":{"line":23,"column":8},"end":{"line":23,"column":46}},"11":{"start":{"line":25,"column":8},"end":{"line":30,"column":11}},"12":{"start":{"line":32,"column":4},"end":{"line":32,"column":16}},"13":{"start":{"line":36,"column":4},"end":{"line":36,"column":81}},"14":{"start":{"line":36,"column":40},"end":{"line":36,"column":76}},"15":{"start":{"line":39,"column":0},"end":{"line":544,"column":3}},"16":{"start":{"line":42,"column":33},"end":{"line":42,"column":52}},"17":{"start":{"line":43,"column":31},"end":{"line":43,"column":48}},"18":{"start":{"line":44,"column":34},"end":{"line":44,"column":54}},"19":{"start":{"line":47,"column":23},"end":{"line":47,"column":61}},"20":{"start":{"line":48,"column":24},"end":{"line":48,"column":63}},"21":{"start":{"line":49,"column":27},"end":{"line":49,"column":66}},"22":{"start":{"line":50,"column":25},"end":{"line":50,"column":65}},"23":{"start":{"line":51,"column":28},"end":{"line":51,"column":68}},"24":{"start":{"line":52,"column":26},"end":{"line":52,"column":63}},"25":{"start":{"line":53,"column":26},"end":{"line":53,"column":63}},"26":{"start":{"line":54,"column":27},"end":{"line":54,"column":70}},"27":{"start":{"line":55,"column":25},"end":{"line":55,"column":62}},"28":{"start":{"line":58,"column":15},"end":{"line":58,"column":17}},"29":{"start":{"line":59,"column":24},"end":{"line":59,"column":26}},"30":{"start":{"line":65,"column":8},"end":{"line":65,"column":64}},"31":{"start":{"line":66,"column":8},"end":{"line":111,"column":9}},"32":{"start":{"line":67,"column":29},"end":{"line":67,"column":77}},"33":{"start":{"line":68,"column":12},"end":{"line":71,"column":13}},"34":{"start":{"line":69,"column":34},"end":{"line":69,"column":55}},"35":{"start":{"line":70,"column":16},"end":{"line":70,"column":94}},"36":{"start":{"line":72,"column":29},"end":{"line":72,"column":50}},"37":{"start":{"line":74,"column":12},"end":{"line":74,"column":42}},"38":{"start":{"line":75,"column":12},"end":{"line":75,"column":31}},"39":{"start":{"line":77,"column":12},"end":{"line":80,"column":13}},"40":{"start":{"line":78,"column":16},"end":{"line":78,"column":95}},"41":{"start":{"line":79,"column":16},"end":{"line":79,"column":23}},"42":{"start":{"line":82,"column":12},"end":{"line":106,"column":15}},"43":{"start":{"line":83,"column":16},"end":{"line":83,"column":60}},"44":{"start":{"line":84,"column":36},"end":{"line":84,"column":65}},"45":{"start":{"line":85,"column":16},"end":{"line":85,"column":55}},"46":{"start":{"line":87,"column":16},"end":{"line":104,"column":18}},"47":{"start":{"line":105,"column":16},"end":{"line":105,"column":56}},"48":{"start":{"line":108,"column":12},"end":{"line":108,"column":61}},"49":{"start":{"line":109,"column":12},"end":{"line":109,"column":78}},"50":{"start":{"line":110,"column":12},"end":{"line":110,"column":107}},"51":{"start":{"line":115,"column":4},"end":{"line":147,"column":7}},"52":{"start":{"line":116,"column":8},"end":{"line":116,"column":31}},"53":{"start":{"line":118,"column":21},"end":{"line":118,"column":66}},"54":{"start":{"line":119,"column":22},"end":{"line":119,"column":80}},"55":{"start":{"line":120,"column":31},"end":{"line":120,"column":91}},"56":{"start":{"line":121,"column":28},"end":{"line":121,"column":80}},"57":{"start":{"line":123,"column":27},"end":{"line":123,"column":71}},"58":{"start":{"line":125,"column":8},"end":{"line":146,"column":9}},"59":{"start":{"line":126,"column":29},"end":{"line":132,"column":14}},"60":{"start":{"line":134,"column":12},"end":{"line":137,"column":13}},"61":{"start":{"line":135,"column":34},"end":{"line":135,"column":55}},"62":{"start":{"line":136,"column":16},"end":{"line":136,"column":128}},"63":{"start":{"line":139,"column":33},"end":{"line":139,"column":54}},"64":{"start":{"line":140,"column":12},"end":{"line":140,"column":120}},"65":{"start":{"line":141,"column":12},"end":{"line":141,"column":32}},"66":{"start":{"line":142,"column":12},"end":{"line":142,"column":28}},"67":{"start":{"line":144,"column":12},"end":{"line":144,"column":58}},"68":{"start":{"line":145,"column":12},"end":{"line":145,"column":75}},"69":{"start":{"line":150,"column":4},"end":{"line":221,"column":7}},"70":{"start":{"line":152,"column":8},"end":{"line":173,"column":9}},"71":{"start":{"line":153,"column":30},"end":{"line":153,"column":53}},"72":{"start":{"line":154,"column":12},"end":{"line":156,"column":13}},"73":{"start":{"line":155,"column":16},"end":{"line":155,"column":23}},"74":{"start":{"line":157,"column":12},"end":{"line":172,"column":13}},"75":{"start":{"line":158,"column":33},"end":{"line":160,"column":18}},"76":{"start":{"line":162,"column":16},"end":{"line":168,"column":17}},"77":{"start":{"line":163,"column":20},"end":{"line":163,"column":93}},"78":{"start":{"line":164,"column":20},"end":{"line":164,"column":36}},"79":{"start":{"line":166,"column":38},"end":{"line":166,"column":59}},"80":{"start":{"line":167,"column":20},"end":{"line":167,"column":132}},"81":{"start":{"line":170,"column":16},"end":{"line":170,"column":64}},"82":{"start":{"line":171,"column":16},"end":{"line":171,"column":81}},"83":{"start":{"line":176,"column":8},"end":{"line":184,"column":9}},"84":{"start":{"line":177,"column":30},"end":{"line":177,"column":53}},"85":{"start":{"line":178,"column":32},"end":{"line":178,"column":57}},"86":{"start":{"line":179,"column":33},"end":{"line":179,"column":71}},"87":{"start":{"line":181,"column":12},"end":{"line":181,"column":73}},"88":{"start":{"line":182,"column":12},"end":{"line":182,"column":32}},"89":{"start":{"line":183,"column":12},"end":{"line":183,"column":67}},"90":{"start":{"line":187,"column":8},"end":{"line":220,"column":9}},"91":{"start":{"line":188,"column":30},"end":{"line":188,"column":53}},"92":{"start":{"line":189,"column":30},"end":{"line":189,"column":82}},"93":{"start":{"line":190,"column":25},"end":{"line":190,"column":43}},"94":{"start":{"line":192,"column":12},"end":{"line":195,"column":13}},"95":{"start":{"line":193,"column":16},"end":{"line":193,"column":78}},"96":{"start":{"line":194,"column":16},"end":{"line":194,"column":23}},"97":{"start":{"line":197,"column":29},"end":{"line":197,"column":43}},"98":{"start":{"line":198,"column":12},"end":{"line":198,"column":42}},"99":{"start":{"line":200,"column":12},"end":{"line":219,"column":13}},"100":{"start":{"line":201,"column":16},"end":{"line":201,"column":83}},"101":{"start":{"line":202,"column":33},"end":{"line":205,"column":18}},"102":{"start":{"line":207,"column":16},"end":{"line":210,"column":17}},"103":{"start":{"line":208,"column":38},"end":{"line":208,"column":59}},"104":{"start":{"line":209,"column":20},"end":{"line":209,"column":132}},"105":{"start":{"line":212,"column":39},"end":{"line":212,"column":60}},"106":{"start":{"line":213,"column":16},"end":{"line":213,"column":106}},"107":{"start":{"line":214,"column":16},"end":{"line":214,"column":37}},"108":{"start":{"line":215,"column":16},"end":{"line":215,"column":32}},"109":{"start":{"line":217,"column":16},"end":{"line":217,"column":63}},"110":{"start":{"line":218,"column":16},"end":{"line":218,"column":80}},"111":{"start":{"line":227,"column":8},"end":{"line":227,"column":37}},"112":{"start":{"line":228,"column":32},"end":{"line":228,"column":56}},"113":{"start":{"line":230,"column":8},"end":{"line":242,"column":9}},"114":{"start":{"line":231,"column":12},"end":{"line":231,"column":69}},"115":{"start":{"line":233,"column":12},"end":{"line":241,"column":15}},"116":{"start":{"line":234,"column":27},"end":{"line":234,"column":55}},"117":{"start":{"line":235,"column":34},"end":{"line":235,"column":60}},"118":{"start":{"line":236,"column":16},"end":{"line":239,"column":18}},"119":{"start":{"line":240,"column":16},"end":{"line":240,"column":46}},"120":{"start":{"line":243,"column":8},"end":{"line":243,"column":80}},"121":{"start":{"line":251,"column":8},"end":{"line":251,"column":66}},"122":{"start":{"line":252,"column":8},"end":{"line":286,"column":9}},"123":{"start":{"line":253,"column":29},"end":{"line":253,"column":79}},"124":{"start":{"line":254,"column":12},"end":{"line":257,"column":13}},"125":{"start":{"line":255,"column":34},"end":{"line":255,"column":55}},"126":{"start":{"line":256,"column":16},"end":{"line":256,"column":94}},"127":{"start":{"line":258,"column":30},"end":{"line":258,"column":51}},"128":{"start":{"line":260,"column":12},"end":{"line":260,"column":43}},"129":{"start":{"line":262,"column":12},"end":{"line":265,"column":13}},"130":{"start":{"line":263,"column":16},"end":{"line":263,"column":97}},"131":{"start":{"line":264,"column":16},"end":{"line":264,"column":23}},"132":{"start":{"line":267,"column":12},"end":{"line":281,"column":15}},"133":{"start":{"line":268,"column":37},"end":{"line":268,"column":66}},"134":{"start":{"line":269,"column":16},"end":{"line":269,"column":57}},"135":{"start":{"line":270,"column":16},"end":{"line":279,"column":18}},"136":{"start":{"line":280,"column":16},"end":{"line":280,"column":58}},"137":{"start":{"line":283,"column":12},"end":{"line":283,"column":62}},"138":{"start":{"line":284,"column":12},"end":{"line":284,"column":79}},"139":{"start":{"line":285,"column":12},"end":{"line":285,"column":110}},"140":{"start":{"line":290,"column":4},"end":{"line":324,"column":7}},"141":{"start":{"line":291,"column":8},"end":{"line":291,"column":31}},"142":{"start":{"line":293,"column":22},"end":{"line":293,"column":69}},"143":{"start":{"line":294,"column":25},"end":{"line":294,"column":75}},"144":{"start":{"line":295,"column":27},"end":{"line":295,"column":79}},"145":{"start":{"line":296,"column":26},"end":{"line":296,"column":77}},"146":{"start":{"line":297,"column":29},"end":{"line":297,"column":76}},"147":{"start":{"line":298,"column":33},"end":{"line":298,"column":91}},"148":{"start":{"line":300,"column":28},"end":{"line":300,"column":102}},"149":{"start":{"line":302,"column":8},"end":{"line":323,"column":9}},"150":{"start":{"line":303,"column":29},"end":{"line":309,"column":14}},"151":{"start":{"line":311,"column":12},"end":{"line":314,"column":13}},"152":{"start":{"line":312,"column":34},"end":{"line":312,"column":55}},"153":{"start":{"line":313,"column":16},"end":{"line":313,"column":128}},"154":{"start":{"line":316,"column":34},"end":{"line":316,"column":55}},"155":{"start":{"line":317,"column":12},"end":{"line":317,"column":125}},"156":{"start":{"line":318,"column":12},"end":{"line":318,"column":33}},"157":{"start":{"line":319,"column":12},"end":{"line":319,"column":29}},"158":{"start":{"line":321,"column":12},"end":{"line":321,"column":59}},"159":{"start":{"line":322,"column":12},"end":{"line":322,"column":76}},"160":{"start":{"line":327,"column":4},"end":{"line":350,"column":7}},"161":{"start":{"line":328,"column":8},"end":{"line":349,"column":9}},"162":{"start":{"line":329,"column":31},"end":{"line":329,"column":54}},"163":{"start":{"line":330,"column":12},"end":{"line":332,"column":13}},"164":{"start":{"line":331,"column":16},"end":{"line":331,"column":23}},"165":{"start":{"line":333,"column":12},"end":{"line":348,"column":13}},"166":{"start":{"line":334,"column":33},"end":{"line":336,"column":18}},"167":{"start":{"line":338,"column":16},"end":{"line":344,"column":17}},"168":{"start":{"line":339,"column":20},"end":{"line":339,"column":95}},"169":{"start":{"line":340,"column":20},"end":{"line":340,"column":37}},"170":{"start":{"line":342,"column":38},"end":{"line":342,"column":59}},"171":{"start":{"line":343,"column":20},"end":{"line":343,"column":132}},"172":{"start":{"line":346,"column":16},"end":{"line":346,"column":65}},"173":{"start":{"line":347,"column":16},"end":{"line":347,"column":82}},"174":{"start":{"line":356,"column":4},"end":{"line":409,"column":7}},"175":{"start":{"line":357,"column":8},"end":{"line":357,"column":31}},"176":{"start":{"line":359,"column":8},"end":{"line":362,"column":9}},"177":{"start":{"line":360,"column":12},"end":{"line":360,"column":93}},"178":{"start":{"line":361,"column":12},"end":{"line":361,"column":19}},"179":{"start":{"line":364,"column":23},"end":{"line":364,"column":83}},"180":{"start":{"line":365,"column":32},"end":{"line":365,"column":81}},"181":{"start":{"line":368,"column":27},"end":{"line":372,"column":11}},"182":{"start":{"line":368,"column":45},"end":{"line":372,"column":9}},"183":{"start":{"line":374,"column":25},"end":{"line":378,"column":9}},"184":{"start":{"line":380,"column":8},"end":{"line":408,"column":9}},"185":{"start":{"line":383,"column":12},"end":{"line":383,"column":88}},"186":{"start":{"line":384,"column":29},"end":{"line":390,"column":14}},"187":{"start":{"line":392,"column":12},"end":{"line":395,"column":13}},"188":{"start":{"line":393,"column":34},"end":{"line":393,"column":55}},"189":{"start":{"line":394,"column":16},"end":{"line":394,"column":128}},"190":{"start":{"line":397,"column":32},"end":{"line":397,"column":53}},"191":{"start":{"line":398,"column":12},"end":{"line":398,"column":145}},"192":{"start":{"line":400,"column":12},"end":{"line":400,"column":22}},"193":{"start":{"line":401,"column":12},"end":{"line":401,"column":32}},"194":{"start":{"line":402,"column":12},"end":{"line":402,"column":35}},"195":{"start":{"line":403,"column":12},"end":{"line":403,"column":26}},"196":{"start":{"line":406,"column":12},"end":{"line":406,"column":57}},"197":{"start":{"line":407,"column":12},"end":{"line":407,"column":74}},"198":{"start":{"line":413,"column":8},"end":{"line":413,"column":60}},"199":{"start":{"line":414,"column":8},"end":{"line":473,"column":9}},"200":{"start":{"line":415,"column":29},"end":{"line":415,"column":73}},"201":{"start":{"line":416,"column":12},"end":{"line":419,"column":13}},"202":{"start":{"line":417,"column":34},"end":{"line":417,"column":55}},"203":{"start":{"line":418,"column":16},"end":{"line":418,"column":94}},"204":{"start":{"line":420,"column":27},"end":{"line":420,"column":48}},"205":{"start":{"line":422,"column":12},"end":{"line":422,"column":40}},"206":{"start":{"line":424,"column":12},"end":{"line":427,"column":13}},"207":{"start":{"line":425,"column":16},"end":{"line":425,"column":75}},"208":{"start":{"line":426,"column":16},"end":{"line":426,"column":23}},"209":{"start":{"line":429,"column":12},"end":{"line":468,"column":15}},"210":{"start":{"line":430,"column":34},"end":{"line":430,"column":63}},"211":{"start":{"line":431,"column":16},"end":{"line":431,"column":51}},"212":{"start":{"line":432,"column":16},"end":{"line":466,"column":18}},"213":{"start":{"line":444,"column":50},"end":{"line":448,"column":25}},"214":{"start":{"line":467,"column":16},"end":{"line":467,"column":52}},"215":{"start":{"line":470,"column":12},"end":{"line":470,"column":59}},"216":{"start":{"line":471,"column":12},"end":{"line":471,"column":76}},"217":{"start":{"line":472,"column":12},"end":{"line":472,"column":101}},"218":{"start":{"line":477,"column":4},"end":{"line":532,"column":7}},"219":{"start":{"line":479,"column":8},"end":{"line":507,"column":9}},"220":{"start":{"line":480,"column":28},"end":{"line":480,"column":51}},"221":{"start":{"line":481,"column":33},"end":{"line":481,"column":84}},"222":{"start":{"line":482,"column":30},"end":{"line":482,"column":48}},"223":{"start":{"line":484,"column":12},"end":{"line":506,"column":13}},"224":{"start":{"line":485,"column":16},"end":{"line":485,"column":97}},"225":{"start":{"line":486,"column":33},"end":{"line":492,"column":18}},"226":{"start":{"line":494,"column":16},"end":{"line":497,"column":17}},"227":{"start":{"line":495,"column":38},"end":{"line":495,"column":59}},"228":{"start":{"line":496,"column":20},"end":{"line":496,"column":132}},"229":{"start":{"line":499,"column":37},"end":{"line":499,"column":58}},"230":{"start":{"line":500,"column":16},"end":{"line":500,"column":101}},"231":{"start":{"line":501,"column":16},"end":{"line":501,"column":103}},"232":{"start":{"line":502,"column":16},"end":{"line":502,"column":30}},"233":{"start":{"line":504,"column":16},"end":{"line":504,"column":69}},"234":{"start":{"line":505,"column":16},"end":{"line":505,"column":86}},"235":{"start":{"line":510,"column":8},"end":{"line":531,"column":9}},"236":{"start":{"line":511,"column":28},"end":{"line":511,"column":51}},"237":{"start":{"line":512,"column":12},"end":{"line":514,"column":13}},"238":{"start":{"line":513,"column":16},"end":{"line":513,"column":23}},"239":{"start":{"line":515,"column":12},"end":{"line":530,"column":13}},"240":{"start":{"line":516,"column":33},"end":{"line":518,"column":18}},"241":{"start":{"line":520,"column":16},"end":{"line":526,"column":17}},"242":{"start":{"line":521,"column":20},"end":{"line":521,"column":89}},"243":{"start":{"line":522,"column":20},"end":{"line":522,"column":34}},"244":{"start":{"line":524,"column":38},"end":{"line":524,"column":59}},"245":{"start":{"line":525,"column":20},"end":{"line":525,"column":132}},"246":{"start":{"line":528,"column":16},"end":{"line":528,"column":62}},"247":{"start":{"line":529,"column":16},"end":{"line":529,"column":79}},"248":{"start":{"line":535,"column":4},"end":{"line":535,"column":20}},"249":{"start":{"line":536,"column":4},"end":{"line":536,"column":21}},"250":{"start":{"line":537,"column":4},"end":{"line":537,"column":18}},"251":{"start":{"line":541,"column":4},"end":{"line":541,"column":36}},"252":{"start":{"line":542,"column":4},"end":{"line":542,"column":38}},"253":{"start":{"line":547,"column":0},"end":{"line":549,"column":1}},"254":{"start":{"line":548,"column":4},"end":{"line":548,"column":84}}},"fnMap":{"0":{"name":"formatCurrency","decl":{"start":{"line":4,"column":9},"end":{"line":4,"column":23}},"loc":{"start":{"line":4,"column":32},"end":{"line":6,"column":1}},"line":4},"1":{"name":"showMessage","decl":{"start":{"line":8,"column":9},"end":{"line":8,"column":20}},"loc":{"start":{"line":8,"column":45},"end":{"line":17,"column":1}},"line":8},"2":{"name":"(anonymous_2)","decl":{"start":{"line":14,"column":15},"end":{"line":14,"column":16}},"loc":{"start":{"line":14,"column":21},"end":{"line":16,"column":5}},"line":14},"3":{"name":"addToCart","decl":{"start":{"line":19,"column":9},"end":{"line":19,"column":18}},"loc":{"start":{"line":19,"column":63},"end":{"line":33,"column":1}},"line":19},"4":{"name":"(anonymous_4)","decl":{"start":{"line":20,"column":45},"end":{"line":20,"column":46}},"loc":{"start":{"line":20,"column":53},"end":{"line":20,"column":82}},"line":20},"5":{"name":"calculateCartTotal","decl":{"start":{"line":35,"column":9},"end":{"line":35,"column":27}},"loc":{"start":{"line":35,"column":34},"end":{"line":37,"column":1}},"line":35},"6":{"name":"(anonymous_6)","decl":{"start":{"line":36,"column":23},"end":{"line":36,"column":24}},"loc":{"start":{"line":36,"column":40},"end":{"line":36,"column":76}},"line":36},"7":{"name":"(anonymous_7)","decl":{"start":{"line":39,"column":46},"end":{"line":39,"column":47}},"loc":{"start":{"line":39,"column":52},"end":{"line":544,"column":1}},"line":39},"8":{"name":"fetchProducts","decl":{"start":{"line":64,"column":19},"end":{"line":64,"column":32}},"loc":{"start":{"line":64,"column":35},"end":{"line":112,"column":5}},"line":64},"9":{"name":"(anonymous_9)","decl":{"start":{"line":82,"column":29},"end":{"line":82,"column":30}},"loc":{"start":{"line":82,"column":40},"end":{"line":106,"column":13}},"line":82},"10":{"name":"(anonymous_10)","decl":{"start":{"line":115,"column":43},"end":{"line":115,"column":44}},"loc":{"start":{"line":115,"column":60},"end":{"line":147,"column":5}},"line":115},"11":{"name":"(anonymous_11)","decl":{"start":{"line":150,"column":45},"end":{"line":150,"column":46}},"loc":{"start":{"line":150,"column":62},"end":{"line":221,"column":5}},"line":150},"12":{"name":"updateCartDisplay","decl":{"start":{"line":226,"column":13},"end":{"line":226,"column":30}},"loc":{"start":{"line":226,"column":33},"end":{"line":244,"column":5}},"line":226},"13":{"name":"(anonymous_13)","decl":{"start":{"line":233,"column":25},"end":{"line":233,"column":26}},"loc":{"start":{"line":233,"column":33},"end":{"line":241,"column":13}},"line":233},"14":{"name":"fetchCustomers","decl":{"start":{"line":250,"column":19},"end":{"line":250,"column":33}},"loc":{"start":{"line":250,"column":36},"end":{"line":287,"column":5}},"line":250},"15":{"name":"(anonymous_15)","decl":{"start":{"line":267,"column":30},"end":{"line":267,"column":31}},"loc":{"start":{"line":267,"column":42},"end":{"line":281,"column":13}},"line":267},"16":{"name":"(anonymous_16)","decl":{"start":{"line":290,"column":44},"end":{"line":290,"column":45}},"loc":{"start":{"line":290,"column":61},"end":{"line":324,"column":5}},"line":290},"17":{"name":"(anonymous_17)","decl":{"start":{"line":327,"column":46},"end":{"line":327,"column":47}},"loc":{"start":{"line":327,"column":63},"end":{"line":350,"column":5}},"line":327},"18":{"name":"(anonymous_18)","decl":{"start":{"line":356,"column":46},"end":{"line":356,"column":47}},"loc":{"start":{"line":356,"column":63},"end":{"line":409,"column":5}},"line":356},"19":{"name":"(anonymous_19)","decl":{"start":{"line":368,"column":36},"end":{"line":368,"column":37}},"loc":{"start":{"line":368,"column":45},"end":{"line":372,"column":9}},"line":368},"20":{"name":"fetchOrders","decl":{"start":{"line":412,"column":19},"end":{"line":412,"column":30}},"loc":{"start":{"line":412,"column":33},"end":{"line":474,"column":5}},"line":412},"21":{"name":"(anonymous_21)","decl":{"start":{"line":429,"column":27},"end":{"line":429,"column":28}},"loc":{"start":{"line":429,"column":36},"end":{"line":468,"column":13}},"line":429},"22":{"name":"(anonymous_22)","decl":{"start":{"line":444,"column":42},"end":{"line":444,"column":43}},"loc":{"start":{"line":444,"column":50},"end":{"line":448,"column":25}},"line":444},"23":{"name":"(anonymous_23)","decl":{"start":{"line":477,"column":43},"end":{"line":477,"column":44}},"loc":{"start":{"line":477,"column":60},"end":{"line":532,"column":5}},"line":477}},"branchMap":{"0":{"loc":{"start":{"line":8,"column":30},"end":{"line":8,"column":43}},"type":"default-arg","locations":[{"start":{"line":8,"column":37},"end":{"line":8,"column":43}}],"line":8},"1":{"loc":{"start":{"line":22,"column":4},"end":{"line":31,"column":5}},"type":"if","locations":[{"start":{"line":22,"column":4},"end":{"line":31,"column":5}},{"start":{"line":24,"column":11},"end":{"line":31,"column":5}}],"line":22},"2":{"loc":{"start":{"line":68,"column":12},"end":{"line":71,"column":13}},"type":"if","locations":[{"start":{"line":68,"column":12},"end":{"line":71,"column":13}},{"start":{},"end":{}}],"line":68},"3":{"loc":{"start":{"line":70,"column":32},"end":{"line":70,"column":92}},"type":"binary-expr","locations":[{"start":{"line":70,"column":32},"end":{"line":70,"column":48}},{"start":{"line":70,"column":52},"end":{"line":70,"column":92}}],"line":70},"4":{"loc":{"start":{"line":77,"column":12},"end":{"line":80,"column":13}},"type":"if","locations":[{"start":{"line":77,"column":12},"end":{"line":80,"column":13}},{"start":{},"end":{}}],"line":77},"5":{"loc":{"start":{"line":88,"column":32},"end":{"line":88,"column":111}},"type":"binary-expr","locations":[{"start":{"line":88,"column":32},"end":{"line":88,"column":49}},{"start":{"line":88,"column":53},"end":{"line":88,"column":111}}],"line":88},"6":{"loc":{"start":{"line":90,"column":25},"end":{"line":90,"column":75}},"type":"binary-expr","locations":[{"start":{"line":90,"column":25},"end":{"line":90,"column":44}},{"start":{"line":90,"column":48},"end":{"line":90,"column":75}}],"line":90},"7":{"loc":{"start":{"line":134,"column":12},"end":{"line":137,"column":13}},"type":"if","locations":[{"start":{"line":134,"column":12},"end":{"line":137,"column":13}},{"start":{},"end":{}}],"line":134},"8":{"loc":{"start":{"line":136,"column":32},"end":{"line":136,"column":126}},"type":"cond-expr","locations":[{"start":{"line":136,"column":51},"end":{"line":136,"column":83}},{"start":{"line":136,"column":86},"end":{"line":136,"column":126}}],"line":136},"9":{"loc":{"start":{"line":152,"column":8},"end":{"line":173,"column":9}},"type":"if","locations":[{"start":{"line":152,"column":8},"end":{"line":173,"column":9}},{"start":{},"end":{}}],"line":152},"10":{"loc":{"start":{"line":154,"column":12},"end":{"line":156,"column":13}},"type":"if","locations":[{"start":{"line":154,"column":12},"end":{"line":156,"column":13}},{"start":{},"end":{}}],"line":154},"11":{"loc":{"start":{"line":162,"column":16},"end":{"line":168,"column":17}},"type":"if","locations":[{"start":{"line":162,"column":16},"end":{"line":168,"column":17}},{"start":{"line":165,"column":23},"end":{"line":168,"column":17}}],"line":162},"12":{"loc":{"start":{"line":167,"column":36},"end":{"line":167,"column":130}},"type":"cond-expr","locations":[{"start":{"line":167,"column":55},"end":{"line":167,"column":87}},{"start":{"line":167,"column":90},"end":{"line":167,"column":130}}],"line":167},"13":{"loc":{"start":{"line":176,"column":8},"end":{"line":184,"column":9}},"type":"if","locations":[{"start":{"line":176,"column":8},"end":{"line":184,"column":9}},{"start":{},"end":{}}],"line":176},"14":{"loc":{"start":{"line":187,"column":8},"end":{"line":220,"column":9}},"type":"if","locations":[{"start":{"line":187,"column":8},"end":{"line":220,"column":9}},{"start":{},"end":{}}],"line":187},"15":{"loc":{"start":{"line":192,"column":12},"end":{"line":195,"column":13}},"type":"if","locations":[{"start":{"line":192,"column":12},"end":{"line":195,"column":13}},{"start":{},"end":{}}],"line":192},"16":{"loc":{"start":{"line":207,"column":16},"end":{"line":210,"column":17}},"type":"if","locations":[{"start":{"line":207,"column":16},"end":{"line":210,"column":17}},{"start":{},"end":{}}],"line":207},"17":{"loc":{"start":{"line":209,"column":36},"end":{"line":209,"column":130}},"type":"cond-expr","locations":[{"start":{"line":209,"column":55},"end":{"line":209,"column":87}},{"start":{"line":209,"column":90},"end":{"line":209,"column":130}}],"line":209},"18":{"loc":{"start":{"line":230,"column":8},"end":{"line":242,"column":9}},"type":"if","locations":[{"start":{"line":230,"column":8},"end":{"line":242,"column":9}},{"start":{"line":232,"column":15},"end":{"line":242,"column":9}}],"line":230},"19":{"loc":{"start":{"line":254,"column":12},"end":{"line":257,"column":13}},"type":"if","locations":[{"start":{"line":254,"column":12},"end":{"line":257,"column":13}},{"start":{},"end":{}}],"line":254},"20":{"loc":{"start":{"line":256,"column":32},"end":{"line":256,"column":92}},"type":"binary-expr","locations":[{"start":{"line":256,"column":32},"end":{"line":256,"column":48}},{"start":{"line":256,"column":52},"end":{"line":256,"column":92}}],"line":256},"21":{"loc":{"start":{"line":262,"column":12},"end":{"line":265,"column":13}},"type":"if","locations":[{"start":{"line":262,"column":12},"end":{"line":265,"column":13}},{"start":{},"end":{}}],"line":262},"22":{"loc":{"start":{"line":273,"column":32},"end":{"line":273,"column":62}},"type":"binary-expr","locations":[{"start":{"line":273,"column":32},"end":{"line":273,"column":53}},{"start":{"line":273,"column":57},"end":{"line":273,"column":62}}],"line":273},"23":{"loc":{"start":{"line":274,"column":43},"end":{"line":274,"column":77}},"type":"binary-expr","locations":[{"start":{"line":274,"column":43},"end":{"line":274,"column":68}},{"start":{"line":274,"column":72},"end":{"line":274,"column":77}}],"line":274},"24":{"loc":{"start":{"line":311,"column":12},"end":{"line":314,"column":13}},"type":"if","locations":[{"start":{"line":311,"column":12},"end":{"line":314,"column":13}},{"start":{},"end":{}}],"line":311},"25":{"loc":{"start":{"line":313,"column":32},"end":{"line":313,"column":126}},"type":"cond-expr","locations":[{"start":{"line":313,"column":51},"end":{"line":313,"column":83}},{"start":{"line":313,"column":86},"end":{"line":313,"column":126}}],"line":313},"26":{"loc":{"start":{"line":328,"column":8},"end":{"line":349,"column":9}},"type":"if","locations":[{"start":{"line":328,"column":8},"end":{"line":349,"column":9}},{"start":{},"end":{}}],"line":328},"27":{"loc":{"start":{"line":330,"column":12},"end":{"line":332,"column":13}},"type":"if","locations":[{"start":{"line":330,"column":12},"end":{"line":332,"column":13}},{"start":{},"end":{}}],"line":330},"28":{"loc":{"start":{"line":338,"column":16},"end":{"line":344,"column":17}},"type":"if","locations":[{"start":{"line":338,"column":16},"end":{"line":344,"column":17}},{"start":{"line":341,"column":23},"end":{"line":344,"column":17}}],"line":338},"29":{"loc":{"start":{"line":343,"column":36},"end":{"line":343,"column":130}},"type":"cond-expr","locations":[{"start":{"line":343,"column":55},"end":{"line":343,"column":87}},{"start":{"line":343,"column":90},"end":{"line":343,"column":130}}],"line":343},"30":{"loc":{"start":{"line":359,"column":8},"end":{"line":362,"column":9}},"type":"if","locations":[{"start":{"line":359,"column":8},"end":{"line":362,"column":9}},{"start":{},"end":{}}],"line":359},"31":{"loc":{"start":{"line":392,"column":12},"end":{"line":395,"column":13}},"type":"if","locations":[{"start":{"line":392,"column":12},"end":{"line":395,"column":13}},{"start":{},"end":{}}],"line":392},"32":{"loc":{"start":{"line":394,"column":32},"end":{"line":394,"column":126}},"type":"cond-expr","locations":[{"start":{"line":394,"column":51},"end":{"line":394,"column":83}},{"start":{"line":394,"column":86},"end":{"line":394,"column":126}}],"line":394},"33":{"loc":{"start":{"line":416,"column":12},"end":{"line":419,"column":13}},"type":"if","locations":[{"start":{"line":416,"column":12},"end":{"line":419,"column":13}},{"start":{},"end":{}}],"line":416},"34":{"loc":{"start":{"line":418,"column":32},"end":{"line":418,"column":92}},"type":"binary-expr","locations":[{"start":{"line":418,"column":32},"end":{"line":418,"column":48}},{"start":{"line":418,"column":52},"end":{"line":418,"column":92}}],"line":418},"35":{"loc":{"start":{"line":424,"column":12},"end":{"line":427,"column":13}},"type":"if","locations":[{"start":{"line":424,"column":12},"end":{"line":427,"column":13}},{"start":{},"end":{}}],"line":424},"36":{"loc":{"start":{"line":438,"column":43},"end":{"line":438,"column":74}},"type":"binary-expr","locations":[{"start":{"line":438,"column":43},"end":{"line":438,"column":65}},{"start":{"line":438,"column":69},"end":{"line":438,"column":74}}],"line":438},"37":{"loc":{"start":{"line":453,"column":54},"end":{"line":453,"column":98}},"type":"cond-expr","locations":[{"start":{"line":453,"column":83},"end":{"line":453,"column":93}},{"start":{"line":453,"column":96},"end":{"line":453,"column":98}}],"line":453},"38":{"loc":{"start":{"line":454,"column":57},"end":{"line":454,"column":104}},"type":"cond-expr","locations":[{"start":{"line":454,"column":89},"end":{"line":454,"column":99}},{"start":{"line":454,"column":102},"end":{"line":454,"column":104}}],"line":454},"39":{"loc":{"start":{"line":455,"column":54},"end":{"line":455,"column":98}},"type":"cond-expr","locations":[{"start":{"line":455,"column":83},"end":{"line":455,"column":93}},{"start":{"line":455,"column":96},"end":{"line":455,"column":98}}],"line":455},"40":{"loc":{"start":{"line":456,"column":56},"end":{"line":456,"column":102}},"type":"cond-expr","locations":[{"start":{"line":456,"column":87},"end":{"line":456,"column":97}},{"start":{"line":456,"column":100},"end":{"line":456,"column":102}}],"line":456},"41":{"loc":{"start":{"line":457,"column":53},"end":{"line":457,"column":96}},"type":"cond-expr","locations":[{"start":{"line":457,"column":81},"end":{"line":457,"column":91}},{"start":{"line":457,"column":94},"end":{"line":457,"column":96}}],"line":457},"42":{"loc":{"start":{"line":458,"column":56},"end":{"line":458,"column":102}},"type":"cond-expr","locations":[{"start":{"line":458,"column":87},"end":{"line":458,"column":97}},{"start":{"line":458,"column":100},"end":{"line":458,"column":102}}],"line":458},"43":{"loc":{"start":{"line":459,"column":56},"end":{"line":459,"column":102}},"type":"cond-expr","locations":[{"start":{"line":459,"column":87},"end":{"line":459,"column":97}},{"start":{"line":459,"column":100},"end":{"line":459,"column":102}}],"line":459},"44":{"loc":{"start":{"line":479,"column":8},"end":{"line":507,"column":9}},"type":"if","locations":[{"start":{"line":479,"column":8},"end":{"line":507,"column":9}},{"start":{},"end":{}}],"line":479},"45":{"loc":{"start":{"line":494,"column":16},"end":{"line":497,"column":17}},"type":"if","locations":[{"start":{"line":494,"column":16},"end":{"line":497,"column":17}},{"start":{},"end":{}}],"line":494},"46":{"loc":{"start":{"line":496,"column":36},"end":{"line":496,"column":130}},"type":"cond-expr","locations":[{"start":{"line":496,"column":55},"end":{"line":496,"column":87}},{"start":{"line":496,"column":90},"end":{"line":496,"column":130}}],"line":496},"47":{"loc":{"start":{"line":510,"column":8},"end":{"line":531,"column":9}},"type":"if","locations":[{"start":{"line":510,"column":8},"end":{"line":531,"column":9}},{"start":{},"end":{}}],"line":510},"48":{"loc":{"start":{"line":512,"column":12},"end":{"line":514,"column":13}},"type":"if","locations":[{"start":{"line":512,"column":12},"end":{"line":514,"column":13}},{"start":{},"end":{}}],"line":512},"49":{"loc":{"start":{"line":520,"column":16},"end":{"line":526,"column":17}},"type":"if","locations":[{"start":{"line":520,"column":16},"end":{"line":526,"column":17}},{"start":{"line":523,"column":23},"end":{"line":526,"column":17}}],"line":520},"50":{"loc":{"start":{"line":525,"column":36},"end":{"line":525,"column":130}},"type":"cond-expr","locations":[{"start":{"line":525,"column":55},"end":{"line":525,"column":87}},{"start":{"line":525,"column":90},"end":{"line":525,"column":130}}],"line":525},"51":{"loc":{"start":{"line":547,"column":0},"end":{"line":549,"column":1}},"type":"if","locations":[{"start":{"line":547,"column":0},"end":{"line":549,"column":1}},{"start":{},"end":{}}],"line":547},"52":{"loc":{"start":{"line":547,"column":4},"end":{"line":547,"column":51}},"type":"binary-expr","locations":[{"start":{"line":547,"column":4},"end":{"line":547,"column":33}},{"start":{"line":547,"column":37},"end":{"line":547,"column":51}}],"line":547}},"s":{"0":5,"1":1,"2":1,"3":1,"4":1,"5":1,"6":0,"7":3,"8":2,"9":3,"10":1,"11":2,"12":3,"13":1,"14":2,"15":1,"16":0,"17":0,"18":0,"19":0,"20":0,"21":0,"22":0,"23":0,"24":0,"25":0,"26":0,"27":0,"28":0,"29":0,"30":0,"31":0,"32":0,"33":0,"34":0,"35":0,"36":0,"37":0,"38":0,"39":0,"40":0,"41":0,"42":0,"43":0,"44":0,"45":0,"46":0,"47":0,"48":0,"49":0,"50":0,"51":0,"52":0,"53":0,"54":0,"55":0,"56":0,"57":0,"58":0,"59":0,"60":0,"61":0,"62":0,"63":0,"64":0,"65":0,"66":0,"67":0,"68":0,"69":0,"70":0,"71":0,"72":0,"73":0,"74":0,"75":0,"76":0,"77":0,"78":0,"79":0,"80":0,"81":0,"82":0,"83":0,"84":0,"85":0,"86":0,"87":0,"88":0,"89":0,"90":0,"91":0,"92":0,"93":0,"94":0,"95":0,"96":0,"97":0,"98":0,"99":0,"100":0,"101":0,"102":0,"103":0,"104":0,"105":0,"106":0,"107":0,"108":0,"109":0,"110":0,"111":0,"112":0,"113":0,"114":0,"115":0,"116":0,"117":0,"118":0,"119":0,"120":0,"121":0,"122":0,"123":0,"124":0,"125":0,"126":0,"127":0,"128":0,"129":0,"130":0,"131":0,"132":0,"133":0,"134":0,"135":0,"136":0,"137":0,"138":0,"139":0,"140":0,"141":0,"142":0,"143":0,"144":0,"145":0,"146":0,"147":0,"148":0,"149":0,"150":0,"151":0,"152":0,"153":0,"154":0,"155":0,"156":0,"157":0,"158":0,"159":0,"160":0,"161":0,"162":0,"163":0,"164":0,"165":0,"166":0,"167":0,"168":0,"169":0,"170":0,"171":0,"172":0,"173":0,"174":0,"175":0,"176":0,"177":0,"178":0,"179":0,"180":0,"181":0,"182":0,"183":0,"184":0,"185":0,"186":0,"187":0,"188":0,"189":0,"190":0,"191":0,"192":0,"193":0,"194":0,"195":0,"196":0,"197":0,"198":0,"199":0,"200":0,"201":0,"202":0,"203":0,"204":0,"205":0,"206":0,"207":0,"208":0,"209":0,"210":0,"211":0,"212":0,"213":0,"214":0,"215":0,"216":0,"217":0,"218":0,"219":0,"220":0,"221":0,"222":0,"223":0,"224":0,"225":0,"226":0,"227":0,"228":0,"229":0,"230":0,"231":0,"232":0,"233":0,"234":0,"235":0,"236":0,"237":0,"238":0,"239":0,"240":0,"241":0,"242":0,"243":0,"244":0,"245":0,"246":0,"247":0,"248":0,"249":0,"250":0,"251":0,"252":0,"253":1,"254":1},"f":{"0":5,"1":1,"2":0,"3":3,"4":2,"5":1,"6":2,"7":0,"8":0,"9":0,"10":0,"11":0,"12":0,"13":0,"14":0,"15":0,"16":0,"17":0,"18":0,"19":0,"20":0,"21":0,"22":0,"23":0},"b":{"0":[0],"1":[1,2],"2":[0,0],"3":[0,0],"4":[0,0],"5":[0,0],"6":[0,0],"7":[0,0],"8":[0,0],"9":[0,0],"10":[0,0],"11":[0,0],"12":[0,0],"13":[0,0],"14":[0,0],"15":[0,0],"16":[0,0],"17":[0,0],"18":[0,0],"19":[0,0],"20":[0,0],"21":[0,0],"22":[0,0],"23":[0,0],"24":[0,0],"25":[0,0],"26":[0,0],"27":[0,0],"28":[0,0],"29":[0,0],"30":[0,0],"31":[0,0],"32":[0,0],"33":[0,0],"34":[0,0],"35":[0,0],"36":[0,0],"37":[0,0],"38":[0,0],"39":[0,0],"40":[0,0],"41":[0,0],"42":[0,0],"43":[0,0],"44":[0,0],"45":[0,0],"46":[0,0],"47":[0,0],"48":[0,0],"49":[0,0],"50":[0,0],"51":[1,0],"52":[1,1]},"_coverageSchema":"1a1c01bbd47fc00a2c39e90264f33305004495a9","hash":"a1111877ed5f0db67e6d10511ad791460aa62688"}
}
