TN:
SF:main.js
FN:4,formatCurrency
FN:8,showMessage
FN:14,(anonymous_2)
FN:19,addToCart
FN:20,(anonymous_4)
FN:35,calculateCartTotal
FN:36,(anonymous_6)
FN:39,(anonymous_7)
FN:64,fetchProducts
FN:82,(anonymous_9)
FN:115,(anonymous_10)
FN:150,(anonymous_11)
FN:226,updateCartDisplay
FN:233,(anonymous_13)
FN:250,fetchCustomers
FN:267,(anonymous_15)
FN:290,(anonymous_16)
FN:327,(anonymous_17)
FN:356,(anonymous_18)
FN:368,(anonymous_19)
FN:412,fetchOrders
FN:429,(anonymous_21)
FN:444,(anonymous_22)
FN:477,(anonymous_23)
FNF:24
FNH:6
FNDA:5,formatCurrency
FNDA:1,showMessage
FNDA:0,(anonymous_2)
FNDA:3,addToCart
FNDA:2,(anonymous_4)
FNDA:1,calculateCartTotal
FNDA:2,(anonymous_6)
FNDA:0,(anonymous_7)
FNDA:0,fetchProducts
FNDA:0,(anonymous_9)
FNDA:0,(anonymous_10)
FNDA:0,(anonymous_11)
FNDA:0,updateCartDisplay
FNDA:0,(anonymous_13)
FNDA:0,fetchCustomers
FNDA:0,(anonymous_15)
FNDA:0,(anonymous_16)
FNDA:0,(anonymous_17)
FNDA:0,(anonymous_18)
FNDA:0,(anonymous_19)
FNDA:0,fetchOrders
FNDA:0,(anonymous_21)
FNDA:0,(anonymous_22)
FNDA:0,(anonymous_23)
DA:5,5
DA:9,1
DA:10,1
DA:11,1
DA:12,1
DA:14,1
DA:15,0
DA:20,3
DA:22,3
DA:23,1
DA:25,2
DA:32,3
DA:36,2
DA:39,1
DA:42,0
DA:43,0
DA:44,0
DA:47,0
DA:48,0
DA:49,0
DA:50,0
DA:51,0
DA:52,0
DA:53,0
DA:54,0
DA:55,0
DA:58,0
DA:59,0
DA:65,0
DA:66,0
DA:67,0
DA:68,0
DA:69,0
DA:70,0
DA:72,0
DA:74,0
DA:75,0
DA:77,0
DA:78,0
DA:79,0
DA:82,0
DA:83,0
DA:84,0
DA:85,0
DA:87,0
DA:105,0
DA:108,0
DA:109,0
DA:110,0
DA:115,0
DA:116,0
DA:118,0
DA:119,0
DA:120,0
DA:121,0
DA:123,0
DA:125,0
DA:126,0
DA:134,0
DA:135,0
DA:136,0
DA:139,0
DA:140,0
DA:141,0
DA:142,0
DA:144,0
DA:145,0
DA:150,0
DA:152,0
DA:153,0
DA:154,0
DA:155,0
DA:157,0
DA:158,0
DA:162,0
DA:163,0
DA:164,0
DA:166,0
DA:167,0
DA:170,0
DA:171,0
DA:176,0
DA:177,0
DA:178,0
DA:179,0
DA:181,0
DA:182,0
DA:183,0
DA:187,0
DA:188,0
DA:189,0
DA:190,0
DA:192,0
DA:193,0
DA:194,0
DA:197,0
DA:198,0
DA:200,0
DA:201,0
DA:202,0
DA:207,0
DA:208,0
DA:209,0
DA:212,0
DA:213,0
DA:214,0
DA:215,0
DA:217,0
DA:218,0
DA:227,0
DA:228,0
DA:230,0
DA:231,0
DA:233,0
DA:234,0
DA:235,0
DA:236,0
DA:240,0
DA:243,0
DA:251,0
DA:252,0
DA:253,0
DA:254,0
DA:255,0
DA:256,0
DA:258,0
DA:260,0
DA:262,0
DA:263,0
DA:264,0
DA:267,0
DA:268,0
DA:269,0
DA:270,0
DA:280,0
DA:283,0
DA:284,0
DA:285,0
DA:290,0
DA:291,0
DA:293,0
DA:294,0
DA:295,0
DA:296,0
DA:297,0
DA:298,0
DA:300,0
DA:302,0
DA:303,0
DA:311,0
DA:312,0
DA:313,0
DA:316,0
DA:317,0
DA:318,0
DA:319,0
DA:321,0
DA:322,0
DA:327,0
DA:328,0
DA:329,0
DA:330,0
DA:331,0
DA:333,0
DA:334,0
DA:338,0
DA:339,0
DA:340,0
DA:342,0
DA:343,0
DA:346,0
DA:347,0
DA:356,0
DA:357,0
DA:359,0
DA:360,0
DA:361,0
DA:364,0
DA:365,0
DA:368,0
DA:374,0
DA:380,0
DA:383,0
DA:384,0
DA:392,0
DA:393,0
DA:394,0
DA:397,0
DA:398,0
DA:400,0
DA:401,0
DA:402,0
DA:403,0
DA:406,0
DA:407,0
DA:413,0
DA:414,0
DA:415,0
DA:416,0
DA:417,0
DA:418,0
DA:420,0
DA:422,0
DA:424,0
DA:425,0
DA:426,0
DA:429,0
DA:430,0
DA:431,0
DA:432,0
DA:444,0
DA:467,0
DA:470,0
DA:471,0
DA:472,0
DA:477,0
DA:479,0
DA:480,0
DA:481,0
DA:482,0
DA:484,0
DA:485,0
DA:486,0
DA:494,0
DA:495,0
DA:496,0
DA:499,0
DA:500,0
DA:501,0
DA:502,0
DA:504,0
DA:505,0
DA:510,0
DA:511,0
DA:512,0
DA:513,0
DA:515,0
DA:516,0
DA:520,0
DA:521,0
DA:522,0
DA:524,0
DA:525,0
DA:528,0
DA:529,0
DA:535,0
DA:536,0
DA:537,0
DA:541,0
DA:542,0
DA:547,1
DA:548,1
LF:252
LH:15
BRDA:8,0,0,0
BRDA:22,1,0,1
BRDA:22,1,1,2
BRDA:68,2,0,0
BRDA:68,2,1,0
BRDA:70,3,0,0
BRDA:70,3,1,0
BRDA:77,4,0,0
BRDA:77,4,1,0
BRDA:88,5,0,0
BRDA:88,5,1,0
BRDA:90,6,0,0
BRDA:90,6,1,0
BRDA:134,7,0,0
BRDA:134,7,1,0
BRDA:136,8,0,0
BRDA:136,8,1,0
BRDA:152,9,0,0
BRDA:152,9,1,0
BRDA:154,10,0,0
BRDA:154,10,1,0
BRDA:162,11,0,0
BRDA:162,11,1,0
BRDA:167,12,0,0
BRDA:167,12,1,0
BRDA:176,13,0,0
BRDA:176,13,1,0
BRDA:187,14,0,0
BRDA:187,14,1,0
BRDA:192,15,0,0
BRDA:192,15,1,0
BRDA:207,16,0,0
BRDA:207,16,1,0
BRDA:209,17,0,0
BRDA:209,17,1,0
BRDA:230,18,0,0
BRDA:230,18,1,0
BRDA:254,19,0,0
BRDA:254,19,1,0
BRDA:256,20,0,0
BRDA:256,20,1,0
BRDA:262,21,0,0
BRDA:262,21,1,0
BRDA:273,22,0,0
BRDA:273,22,1,0
BRDA:274,23,0,0
BRDA:274,23,1,0
BRDA:311,24,0,0
BRDA:311,24,1,0
BRDA:313,25,0,0
BRDA:313,25,1,0
BRDA:328,26,0,0
BRDA:328,26,1,0
BRDA:330,27,0,0
BRDA:330,27,1,0
BRDA:338,28,0,0
BRDA:338,28,1,0
BRDA:343,29,0,0
BRDA:343,29,1,0
BRDA:359,30,0,0
BRDA:359,30,1,0
BRDA:392,31,0,0
BRDA:392,31,1,0
BRDA:394,32,0,0
BRDA:394,32,1,0
BRDA:416,33,0,0
BRDA:416,33,1,0
BRDA:418,34,0,0
BRDA:418,34,1,0
BRDA:424,35,0,0
BRDA:424,35,1,0
BRDA:438,36,0,0
BRDA:438,36,1,0
BRDA:453,37,0,0
BRDA:453,37,1,0
BRDA:454,38,0,0
BRDA:454,38,1,0
BRDA:455,39,0,0
BRDA:455,39,1,0
BRDA:456,40,0,0
BRDA:456,40,1,0
BRDA:457,41,0,0
BRDA:457,41,1,0
BRDA:458,42,0,0
BRDA:458,42,1,0
BRDA:459,43,0,0
BRDA:459,43,1,0
BRDA:479,44,0,0
BRDA:479,44,1,0
BRDA:494,45,0,0
BRDA:494,45,1,0
BRDA:496,46,0,0
BRDA:496,46,1,0
BRDA:510,47,0,0
BRDA:510,47,1,0
BRDA:512,48,0,0
BRDA:512,48,1,0
BRDA:520,49,0,0
BRDA:520,49,1,0
BRDA:525,50,0,0
BRDA:525,50,1,0
BRDA:547,51,0,1
BRDA:547,51,1,0
BRDA:547,52,0,1
BRDA:547,52,1,1
BRF:105
BRH:5
end_of_record
